INFO - 2023-01-22 09:26:45 --> Session: Class initialized using 'CodeIgniter\Session\Handlers\FileHandler' driver.
ERROR - 2023-01-22 09:26:45 --> mysqli_sql_exception: Table 'imageserver.slider' doesn't exist in D:\xampp\htdocs\imgserver\system\Database\MySQLi\Connection.php:295
Stack trace:
#0 D:\xampp\htdocs\imgserver\system\Database\MySQLi\Connection.php(295): mysqli->query('SELECT *\nFROM `...', 0)
#1 D:\xampp\htdocs\imgserver\system\Database\BaseConnection.php(691): CodeIgniter\Database\MySQLi\Connection->execute('SELECT *\nFROM `...')
#2 D:\xampp\htdocs\imgserver\system\Database\BaseConnection.php(605): CodeIgniter\Database\BaseConnection->simpleQuery('SELECT *\nFROM `...')
#3 D:\xampp\htdocs\imgserver\system\Database\BaseBuilder.php(1601): CodeIgniter\Database\BaseConnection->query('SELECT *\nFROM `...', Array, false)
#4 D:\xampp\htdocs\imgserver\system\Model.php(240): CodeIgniter\Database\BaseBuilder->get()
#5 D:\xampp\htdocs\imgserver\system\BaseModel.php(618): CodeIgniter\Model->doFindAll(3, 0)
#6 D:\xampp\htdocs\imgserver\app\Models\Slider.php(49): CodeIgniter\BaseModel->findAll(3, 0)
#7 D:\xampp\htdocs\imgserver\app\Controllers\Home.php(21): App\Models\Slider->getSlider(Array)
#8 D:\xampp\htdocs\imgserver\system\CodeIgniter.php(934): App\Controllers\Home->index()
#9 D:\xampp\htdocs\imgserver\system\CodeIgniter.php(499): CodeIgniter\CodeIgniter->runController(Object(App\Controllers\Home))
#10 D:\xampp\htdocs\imgserver\system\CodeIgniter.php(368): CodeIgniter\CodeIgniter->handleRequest(NULL, Object(Config\Cache), false)
#11 D:\xampp\htdocs\imgserver\public\index.php(67): CodeIgniter\CodeIgniter->run()
#12 {main}
CRITICAL - 2023-01-22 09:26:45 --> Table 'imageserver.slider' doesn't exist
in SYSTEMPATH\Database\BaseConnection.php on line 645.
 1 SYSTEMPATH\Database\BaseBuilder.php(1601): CodeIgniter\Database\BaseConnection->query('SELECT *
FROM `slider`
WHERE `published_at` <= now()
AND `expired_at` > now()
AND `is_active` = :is_active:
 LIMIT 3', [...], false)
 2 SYSTEMPATH\Model.php(240): CodeIgniter\Database\BaseBuilder->get()
 3 SYSTEMPATH\BaseModel.php(618): CodeIgniter\Model->doFindAll(3, 0)
 4 APPPATH\Models\Slider.php(49): CodeIgniter\BaseModel->findAll(3, 0)
 5 APPPATH\Controllers\Home.php(21): App\Models\Slider->getSlider([...])
 6 SYSTEMPATH\CodeIgniter.php(934): App\Controllers\Home->index()
 7 SYSTEMPATH\CodeIgniter.php(499): CodeIgniter\CodeIgniter->runController(Object(App\Controllers\Home))
 8 SYSTEMPATH\CodeIgniter.php(368): CodeIgniter\CodeIgniter->handleRequest(null, Object(Config\Cache), false)
 9 FCPATH\index.php(67): CodeIgniter\CodeIgniter->run()
INFO - 2023-01-22 09:26:52 --> Session: Class initialized using 'CodeIgniter\Session\Handlers\FileHandler' driver.
INFO - 2023-01-22 09:27:05 --> Session: Class initialized using 'CodeIgniter\Session\Handlers\FileHandler' driver.
CRITICAL - 2023-01-22 09:27:05 --> Attempt to read property "width" on array
in APPPATH\Controllers\Upload.php on line 39.
 1 APPPATH\Controllers\Upload.php(39): CodeIgniter\Debug\Exceptions->errorHandler(2, 'Attempt to read property "width" on array', 'APPPATH\\Controllers\\Upload.php', 39)
 2 SYSTEMPATH\CodeIgniter.php(934): App\Controllers\Upload->upload()
 3 SYSTEMPATH\CodeIgniter.php(499): CodeIgniter\CodeIgniter->runController(Object(App\Controllers\Upload))
 4 SYSTEMPATH\CodeIgniter.php(368): CodeIgniter\CodeIgniter->handleRequest(null, Object(Config\Cache), false)
 5 FCPATH\index.php(67): CodeIgniter\CodeIgniter->run()
